2016-08-30 12:40:20 - СДЭК: вес заказа 0.5
2016-08-30 12:40:20 - СДЭК: город доставки не определен!
2016-08-30 12:40:24 - PHP Notice:  Error: Table 'apteka.oc_geo' doesn't exist<br />Error No: 1146<br />SELECT g.id,g.full_name,g.name,g.postcode,z.zone_id,z.country_id FROM oc_geo g LEFT JOIN oc_zone z ON g.zone_id = z.zone_id WHERE g.name LIKE 'Бел%' AND g.postcode <> '' ORDER BY population DESC LIMIT 100 in /Applications/MAMP/htdocs/apteka/system/library/db/mysqli.php on line 41
2016-08-30 12:40:24 - PHP Notice:  Trying to get property of non-object in /Applications/MAMP/htdocs/apteka/catalog/model/tool/simplegeo.php on line 295
2016-08-30 12:40:24 - PHP Warning:  Invalid argument supplied for foreach() in /Applications/MAMP/htdocs/apteka/catalog/model/tool/simplegeo.php on line 295
2016-08-30 12:40:24 - PHP Notice:  Trying to get property of non-object in /Applications/MAMP/htdocs/apteka/catalog/model/tool/simplegeo.php on line 308
2016-08-30 12:40:24 - PHP Notice:  Error: Table 'apteka.oc_geo' doesn't exist<br />Error No: 1146<br />SELECT g.id,g.full_name,g.name,g.postcode,z.zone_id,z.country_id FROM oc_geo g LEFT JOIN oc_zone z ON g.zone_id = z.zone_id WHERE g.name LIKE 'Белг%' AND g.postcode <> '' ORDER BY population DESC LIMIT 100 in /Applications/MAMP/htdocs/apteka/system/library/db/mysqli.php on line 41
2016-08-30 12:40:24 - PHP Notice:  Trying to get property of non-object in /Applications/MAMP/htdocs/apteka/catalog/model/tool/simplegeo.php on line 295
2016-08-30 12:40:24 - PHP Warning:  Invalid argument supplied for foreach() in /Applications/MAMP/htdocs/apteka/catalog/model/tool/simplegeo.php on line 295
2016-08-30 12:40:24 - PHP Notice:  Trying to get property of non-object in /Applications/MAMP/htdocs/apteka/catalog/model/tool/simplegeo.php on line 308
2016-08-30 12:40:25 - PHP Notice:  Error: Table 'apteka.oc_geo' doesn't exist<br />Error No: 1146<br />SELECT g.id,g.full_name,g.name,g.postcode,z.zone_id,z.country_id FROM oc_geo g LEFT JOIN oc_zone z ON g.zone_id = z.zone_id WHERE g.name LIKE 'Белгоро%' AND g.postcode <> '' ORDER BY population DESC LIMIT 100 in /Applications/MAMP/htdocs/apteka/system/library/db/mysqli.php on line 41
2016-08-30 12:40:25 - PHP Notice:  Trying to get property of non-object in /Applications/MAMP/htdocs/apteka/catalog/model/tool/simplegeo.php on line 295
2016-08-30 12:40:25 - PHP Warning:  Invalid argument supplied for foreach() in /Applications/MAMP/htdocs/apteka/catalog/model/tool/simplegeo.php on line 295
2016-08-30 12:40:25 - PHP Notice:  Trying to get property of non-object in /Applications/MAMP/htdocs/apteka/catalog/model/tool/simplegeo.php on line 308
2016-08-30 12:40:25 - PHP Notice:  Error: Table 'apteka.oc_geo' doesn't exist<br />Error No: 1146<br />SELECT g.id,g.full_name,g.name,g.postcode,z.zone_id,z.country_id FROM oc_geo g LEFT JOIN oc_zone z ON g.zone_id = z.zone_id WHERE g.name LIKE 'Белгород%' AND g.postcode <> '' ORDER BY population DESC LIMIT 100 in /Applications/MAMP/htdocs/apteka/system/library/db/mysqli.php on line 41
2016-08-30 12:40:25 - PHP Notice:  Trying to get property of non-object in /Applications/MAMP/htdocs/apteka/catalog/model/tool/simplegeo.php on line 295
2016-08-30 12:40:25 - PHP Warning:  Invalid argument supplied for foreach() in /Applications/MAMP/htdocs/apteka/catalog/model/tool/simplegeo.php on line 295
2016-08-30 12:40:25 - PHP Notice:  Trying to get property of non-object in /Applications/MAMP/htdocs/apteka/catalog/model/tool/simplegeo.php on line 308
2016-08-30 12:41:20 - СДЭК: вес заказа 0.5
2016-08-30 12:41:20 - СДЭК: город доставки не определен!
2016-08-30 12:41:20 - PHP Warning:  include(catalog/view/coloring/coloringpassword.php): failed to open stream: No such file or directory in /Applications/MAMP/htdocs/apteka/catalog/view/theme/default/template/common/header.tpl on line 49
2016-08-30 12:41:20 - PHP Warning:  include(catalog/view/coloring/coloringpassword.php): failed to open stream: No such file or directory in /Applications/MAMP/htdocs/apteka/catalog/view/theme/default/template/common/header.tpl on line 49
2016-08-30 12:41:20 - PHP Warning:  include(): Failed opening 'catalog/view/coloring/coloringpassword.php' for inclusion (include_path='.:/Applications/MAMP/bin/php/php5.6.10/lib/php') in /Applications/MAMP/htdocs/apteka/catalog/view/theme/default/template/common/header.tpl on line 49
2016-08-30 12:41:23 - СДЭК: вес заказа 0.5
2016-08-30 12:41:23 - СДЭК: город доставки не определен!
2016-08-30 12:41:26 - СДЭК: вес заказа 0.5
2016-08-30 12:41:26 - СДЭК: город доставки не определен!
