---------- Date: 2016-07-15 13:52:27 ~ IP : 127.0.0.1 ----------
REQUEST URI : /apteka3/
VQMod::_getMods - NO XML FILES READABLE IN XML FOLDER
----------------------------------------------------------------------


---------- Date: 2016-07-15 13:52:43 ~ IP : 127.0.0.1 ----------
REQUEST URI : /apteka3/
VQMod::_getMods - NO XML FILES READABLE IN XML FOLDER
----------------------------------------------------------------------


---------- Date: 2016-07-15 13:52:46 ~ IP : 127.0.0.1 ----------
REQUEST URI : /apteka3/
VQMod::_getMods - NO XML FILES READABLE IN XML FOLDER
----------------------------------------------------------------------


---------- Date: 2016-07-15 13:53:05 ~ IP : 127.0.0.1 ----------
REQUEST URI : /apteka3/
VQMod::_getMods - NO XML FILES READABLE IN XML FOLDER
----------------------------------------------------------------------


---------- Date: 2016-07-15 13:54:05 ~ IP : 127.0.0.1 ----------
REQUEST URI : /apteka3/
VQMod::_getMods - NO XML FILES READABLE IN XML FOLDER
----------------------------------------------------------------------


---------- Date: 2016-07-15 14:01:08 ~ IP : 127.0.0.1 ----------
REQUEST URI : /apteka3/admin/index.php?route=extension/module&token=eWJ1XtGMtUZpF7XjwdRLjcG9lCJb6Gna
VQMod::_getMods - NO XML FILES READABLE IN XML FOLDER
----------------------------------------------------------------------


---------- Date: 2016-07-15 14:02:28 ~ IP : 127.0.0.1 ----------
REQUEST URI : /apteka3/admin/index.php?route=extension/modification&token=eWJ1XtGMtUZpF7XjwdRLjcG9lCJb6Gna
VQMod::_getMods - NO XML FILES READABLE IN XML FOLDER
----------------------------------------------------------------------


---------- Date: 2016-07-15 14:02:39 ~ IP : 127.0.0.1 ----------
REQUEST URI : /apteka3/admin/index.php?route=extension/modification/refresh&token=eWJ1XtGMtUZpF7XjwdRLjcG9lCJb6Gna
VQMod::_getMods - NO XML FILES READABLE IN XML FOLDER
----------------------------------------------------------------------


---------- Date: 2016-07-15 14:02:39 ~ IP : 127.0.0.1 ----------
REQUEST URI : /apteka3/admin/index.php?route=extension/modification&token=eWJ1XtGMtUZpF7XjwdRLjcG9lCJb6Gna
VQMod::_getMods - NO XML FILES READABLE IN XML FOLDER
----------------------------------------------------------------------


---------- Date: 2016-07-15 14:02:44 ~ IP : 127.0.0.1 ----------
REQUEST URI : /apteka3/
VQMod::_getMods - NO XML FILES READABLE IN XML FOLDER
----------------------------------------------------------------------


